<?xml version="1.0" encoding="UTF-8"?>
<!-- Generated by org.testng.reporters.JUnitReportReporter -->
<testsuite hostname="Akshay-PC" failures="0" tests="2" name="TestingGit.TestsClass" time="19.230" errors="0" timestamp="2023-10-17T16:45:27 IST" skipped="0">
  <testcase classname="TestingGit.TestsClass" name="restrictionPage_firefox" time="9.638"/>
  <system-out/>
  <testcase classname="TestingGit.TestsClass" name="restrictionPage_chrome" time="9.592"/>
  <system-out/>
</testsuite> <!-- TestingGit.TestsClass -->
