<?xml version="1.0" encoding="UTF-8"?>
<!-- Generated by org.testng.reporters.JUnitReportReporter -->
<testsuite hostname="Akshay-PC" failures="0" tests="2" name="ParallelExecution.TestsClass" time="20.375" errors="0" timestamp="2023-10-17T16:52:14 IST" skipped="0">
  <testcase classname="ParallelExecution.TestsClass" name="restrictionPage_chrome" time="8.360"/>
  <system-out/>
  <testcase classname="ParallelExecution.TestsClass" name="restrictionPage_firefox" time="12.015"/>
  <system-out/>
</testsuite> <!-- ParallelExecution.TestsClass -->
